2021-12-30 14:41:24.352 [restartedMain] ERROR o.s.b.diagnostics.LoggingFailureAnalysisReporter - 

***************************
APPLICATION FAILED TO START
***************************

Description:

Web server failed to start. Port 8007 was already in use.

Action:

Identify and stop the process that's listening on port 8007 or configure this application to listen on another port.

2021-12-30 14:41:45.511 [restartedMain] ERROR o.s.b.diagnostics.LoggingFailureAnalysisReporter - 

***************************
APPLICATION FAILED TO START
***************************

Description:

Web server failed to start. Port 8007 was already in use.

Action:

Identify and stop the process that's listening on port 8007 or configure this application to listen on another port.

2021-12-30 14:42:29.728 [restartedMain] ERROR o.s.b.diagnostics.LoggingFailureAnalysisReporter - 

***************************
APPLICATION FAILED TO START
***************************

Description:

Web server failed to start. Port 8007 was already in use.

Action:

Identify and stop the process that's listening on port 8007 or configure this application to listen on another port.

2021-12-30 14:43:12.169 [restartedMain] ERROR o.s.b.diagnostics.LoggingFailureAnalysisReporter - 

***************************
APPLICATION FAILED TO START
***************************

Description:

Web server failed to start. Port 8007 was already in use.

Action:

Identify and stop the process that's listening on port 8007 or configure this application to listen on another port.

2021-12-30 14:43:34.652 [restartedMain] ERROR o.s.b.diagnostics.LoggingFailureAnalysisReporter - 

***************************
APPLICATION FAILED TO START
***************************

Description:

Web server failed to start. Port 8007 was already in use.

Action:

Identify and stop the process that's listening on port 8007 or configure this application to listen on another port.

2021-12-30 14:44:44.263 [restartedMain] ERROR o.s.b.diagnostics.LoggingFailureAnalysisReporter - 

***************************
APPLICATION FAILED TO START
***************************

Description:

Web server failed to start. Port 8007 was already in use.

Action:

Identify and stop the process that's listening on port 8007 or configure this application to listen on another port.

2021-12-30 14:45:14.004 [restartedMain] ERROR o.s.b.diagnostics.LoggingFailureAnalysisReporter - 

***************************
APPLICATION FAILED TO START
***************************

Description:

Web server failed to start. Port 8007 was already in use.

Action:

Identify and stop the process that's listening on port 8007 or configure this application to listen on another port.

2021-12-30 14:46:24.111 [restartedMain] ERROR o.s.b.diagnostics.LoggingFailureAnalysisReporter - 

***************************
APPLICATION FAILED TO START
***************************

Description:

Web server failed to start. Port 8007 was already in use.

Action:

Identify and stop the process that's listening on port 8007 or configure this application to listen on another port.

2021-12-30 14:46:49.297 [restartedMain] ERROR o.s.b.diagnostics.LoggingFailureAnalysisReporter - 

***************************
APPLICATION FAILED TO START
***************************

Description:

Web server failed to start. Port 8007 was already in use.

Action:

Identify and stop the process that's listening on port 8007 or configure this application to listen on another port.

2021-12-30 14:48:23.281 [restartedMain] ERROR o.s.b.diagnostics.LoggingFailureAnalysisReporter - 

***************************
APPLICATION FAILED TO START
***************************

Description:

Web server failed to start. Port 8007 was already in use.

Action:

Identify and stop the process that's listening on port 8007 or configure this application to listen on another port.

2021-12-30 14:49:04.725 [restartedMain] ERROR o.s.b.diagnostics.LoggingFailureAnalysisReporter - 

***************************
APPLICATION FAILED TO START
***************************

Description:

Web server failed to start. Port 8007 was already in use.

Action:

Identify and stop the process that's listening on port 8007 or configure this application to listen on another port.

2021-12-30 14:54:54.671 [restartedMain] ERROR o.s.b.diagnostics.LoggingFailureAnalysisReporter - 

***************************
APPLICATION FAILED TO START
***************************

Description:

Web server failed to start. Port 8007 was already in use.

Action:

Identify and stop the process that's listening on port 8007 or configure this application to listen on another port.

2021-12-30 14:55:40.391 [restartedMain] ERROR o.s.b.diagnostics.LoggingFailureAnalysisReporter - 

***************************
APPLICATION FAILED TO START
***************************

Description:

Web server failed to start. Port 8007 was already in use.

Action:

Identify and stop the process that's listening on port 8007 or configure this application to listen on another port.

2021-12-30 15:31:13.516 [restartedMain] ERROR o.s.b.diagnostics.LoggingFailureAnalysisReporter - 

***************************
APPLICATION FAILED TO START
***************************

Description:

Web server failed to start. Port 8007 was already in use.

Action:

Identify and stop the process that's listening on port 8007 or configure this application to listen on another port.

2021-12-30 15:32:29.962 [restartedMain] ERROR o.s.b.diagnostics.LoggingFailureAnalysisReporter - 

***************************
APPLICATION FAILED TO START
***************************

Description:

Web server failed to start. Port 8007 was already in use.

Action:

Identify and stop the process that's listening on port 8007 or configure this application to listen on another port.

2021-12-30 15:36:48.410 [restartedMain] ERROR o.s.b.diagnostics.LoggingFailureAnalysisReporter - 

***************************
APPLICATION FAILED TO START
***************************

Description:

Web server failed to start. Port 8007 was already in use.

Action:

Identify and stop the process that's listening on port 8007 or configure this application to listen on another port.

2021-12-30 15:37:41.908 [restartedMain] ERROR o.s.b.diagnostics.LoggingFailureAnalysisReporter - 

***************************
APPLICATION FAILED TO START
***************************

Description:

Web server failed to start. Port 8007 was already in use.

Action:

Identify and stop the process that's listening on port 8007 or configure this application to listen on another port.

2021-12-30 15:38:25.609 [restartedMain] ERROR o.s.b.diagnostics.LoggingFailureAnalysisReporter - 

***************************
APPLICATION FAILED TO START
***************************

Description:

Web server failed to start. Port 8007 was already in use.

Action:

Identify and stop the process that's listening on port 8007 or configure this application to listen on another port.

2021-12-30 15:38:56.682 [restartedMain] ERROR o.s.b.diagnostics.LoggingFailureAnalysisReporter - 

***************************
APPLICATION FAILED TO START
***************************

Description:

Web server failed to start. Port 8007 was already in use.

Action:

Identify and stop the process that's listening on port 8007 or configure this application to listen on another port.

2021-12-30 15:52:32.945 [restartedMain] ERROR o.s.b.diagnostics.LoggingFailureAnalysisReporter - 

***************************
APPLICATION FAILED TO START
***************************

Description:

Web server failed to start. Port 8007 was already in use.

Action:

Identify and stop the process that's listening on port 8007 or configure this application to listen on another port.

2021-12-30 15:53:17.799 [restartedMain] ERROR o.s.b.diagnostics.LoggingFailureAnalysisReporter - 

***************************
APPLICATION FAILED TO START
***************************

Description:

Web server failed to start. Port 8007 was already in use.

Action:

Identify and stop the process that's listening on port 8007 or configure this application to listen on another port.

2021-12-30 15:53:38.501 [restartedMain] ERROR o.s.b.diagnostics.LoggingFailureAnalysisReporter - 

***************************
APPLICATION FAILED TO START
***************************

Description:

Web server failed to start. Port 8007 was already in use.

Action:

Identify and stop the process that's listening on port 8007 or configure this application to listen on another port.

2021-12-30 15:54:15.690 [restartedMain] ERROR o.s.b.diagnostics.LoggingFailureAnalysisReporter - 

***************************
APPLICATION FAILED TO START
***************************

Description:

Web server failed to start. Port 8007 was already in use.

Action:

Identify and stop the process that's listening on port 8007 or configure this application to listen on another port.

2021-12-30 16:07:46.623 [http-nio-8007-exec-3] ERROR o.a.c.c.C.[.[.[/].[HystrixMetricsStreamServlet] - Servlet.service() for servlet [HystrixMetricsStreamServlet] in context with path [] threw exception
java.lang.IllegalArgumentException: newPosition > limit: (518 > 8)
	at java.nio.Buffer.createPositionException(Buffer.java:269)
	at java.nio.Buffer.position(Buffer.java:244)
	at org.apache.tomcat.util.buf.C2BConverter.convert(C2BConverter.java:179)
	at org.apache.catalina.connector.OutputBuffer.realWriteChars(OutputBuffer.java:447)
	at org.apache.catalina.connector.OutputBuffer.flushCharBuffer(OutputBuffer.java:788)
	at org.apache.catalina.connector.OutputBuffer.doFlush(OutputBuffer.java:296)
	at org.apache.catalina.connector.OutputBuffer.flush(OutputBuffer.java:273)
	at org.apache.catalina.connector.CoyoteWriter.flush(CoyoteWriter.java:94)
	at org.apache.catalina.connector.CoyoteWriter.checkError(CoyoteWriter.java:119)
	at com.netflix.hystrix.contrib.sample.stream.HystrixSampleSseServlet.handleRequest(HystrixSampleSseServlet.java:165)
	at com.netflix.hystrix.contrib.sample.stream.HystrixSampleSseServlet.doGet(HystrixSampleSseServlet.java:74)
	at javax.servlet.http.HttpServlet.service(HttpServlet.java:655)
	at javax.servlet.http.HttpServlet.service(HttpServlet.java:764)
	at org.apache.catalina.core.ApplicationFilterChain.internalDoFilter(ApplicationFilterChain.java:227)
	at org.apache.catalina.core.ApplicationFilterChain.doFilter(ApplicationFilterChain.java:162)
	at org.apache.tomcat.websocket.server.WsFilter.doFilter(WsFilter.java:53)
	at org.apache.catalina.core.ApplicationFilterChain.internalDoFilter(ApplicationFilterChain.java:189)
	at org.apache.catalina.core.ApplicationFilterChain.doFilter(ApplicationFilterChain.java:162)
	at org.springframework.web.filter.RequestContextFilter.doFilterInternal(RequestContextFilter.java:100)
	at org.springframework.web.filter.OncePerRequestFilter.doFilter(OncePerRequestFilter.java:119)
	at org.apache.catalina.core.ApplicationFilterChain.internalDoFilter(ApplicationFilterChain.java:189)
	at org.apache.catalina.core.ApplicationFilterChain.doFilter(ApplicationFilterChain.java:162)
	at org.springframework.web.filter.FormContentFilter.doFilterInternal(FormContentFilter.java:93)
	at org.springframework.web.filter.OncePerRequestFilter.doFilter(OncePerRequestFilter.java:119)
	at org.apache.catalina.core.ApplicationFilterChain.internalDoFilter(ApplicationFilterChain.java:189)
	at org.apache.catalina.core.ApplicationFilterChain.doFilter(ApplicationFilterChain.java:162)
	at org.springframework.boot.actuate.metrics.web.servlet.WebMvcMetricsFilter.doFilterInternal(WebMvcMetricsFilter.java:96)
	at org.springframework.web.filter.OncePerRequestFilter.doFilter(OncePerRequestFilter.java:119)
	at org.apache.catalina.core.ApplicationFilterChain.internalDoFilter(ApplicationFilterChain.java:189)
	at org.apache.catalina.core.ApplicationFilterChain.doFilter(ApplicationFilterChain.java:162)
	at org.springframework.web.filter.CharacterEncodingFilter.doFilterInternal(CharacterEncodingFilter.java:201)
	at org.springframework.web.filter.OncePerRequestFilter.doFilter(OncePerRequestFilter.java:119)
	at org.apache.catalina.core.ApplicationFilterChain.internalDoFilter(ApplicationFilterChain.java:189)
	at org.apache.catalina.core.ApplicationFilterChain.doFilter(ApplicationFilterChain.java:162)
	at org.apache.catalina.core.StandardWrapperValve.invoke(StandardWrapperValve.java:197)
	at org.apache.catalina.core.StandardContextValve.invoke(StandardContextValve.java:97)
	at org.apache.catalina.authenticator.AuthenticatorBase.invoke(AuthenticatorBase.java:540)
	at org.apache.catalina.core.StandardHostValve.invoke(StandardHostValve.java:135)
	at org.apache.catalina.valves.ErrorReportValve.invoke(ErrorReportValve.java:92)
	at org.apache.catalina.core.StandardEngineValve.invoke(StandardEngineValve.java:78)
	at org.apache.catalina.connector.CoyoteAdapter.service(CoyoteAdapter.java:357)
	at org.apache.coyote.http11.Http11Processor.service(Http11Processor.java:382)
	at org.apache.coyote.AbstractProcessorLight.process(AbstractProcessorLight.java:65)
	at org.apache.coyote.AbstractProtocol$ConnectionHandler.process(AbstractProtocol.java:895)
	at org.apache.tomcat.util.net.NioEndpoint$SocketProcessor.doRun(NioEndpoint.java:1722)
	at org.apache.tomcat.util.net.SocketProcessorBase.run(SocketProcessorBase.java:49)
	at org.apache.tomcat.util.threads.ThreadPoolExecutor.runWorker(ThreadPoolExecutor.java:1191)
	at org.apache.tomcat.util.threads.ThreadPoolExecutor$Worker.run(ThreadPoolExecutor.java:659)
	at org.apache.tomcat.util.threads.TaskThread$WrappingRunnable.run(TaskThread.java:61)
	at java.lang.Thread.run(Thread.java:748)
